<?xml version="1.0" encoding="UTF-8"?>
<!-- Generated by org.testng.reporters.JUnitReportReporter -->
<testsuite skipped="0" hostname="DESKTOP-83UOQ24" name="test.test.Cookie" tests="1" failures="0" timestamp="10 Jan 2018 21:36:16 GMT" time="88.099" errors="0">
  <testcase name="testGoogleSearch" time="88.099" classname="test.test.Cookie"/>
</testsuite> <!-- test.test.Cookie -->
