<?xml version="1.0" encoding="UTF-8"?>
<!-- Generated by org.testng.reporters.JUnitReportReporter -->
<testsuite skipped="0" hostname="DESKTOP-83UOQ24" name="Registration" tests="1" failures="0" timestamp="10 Jan 2018 16:21:14 GMT" time="11.753" errors="0">
  <testcase name="selectCuntry" time="11.753" classname="Registration"/>
</testsuite> <!-- Registration -->
