<?xml version="1.0" encoding="UTF-8"?>
<!-- Generated by org.testng.reporters.JUnitReportReporter -->
<testsuite skipped="1" hostname="DESKTOP-83UOQ24" name="test.test.qaCookie" tests="2" failures="0" timestamp="11 Jan 2018 11:19:52 GMT" time="18.751" errors="0">
  <testcase name="test2" time="18.751" classname="test.test.qaCookie"/>
  <testcase name="test1" classname="test.test.qaCookie">
    <skipped/>
  </testcase> <!-- test1 -->
</testsuite> <!-- test.test.qaCookie -->
